<?xml version="1.0" encoding="UTF-8"?>
<!-- Generated by org.testng.reporters.JUnitXMLReporter -->
<testsuite hostname="LP-5CD911D3P5" ignored="0" name="Test" tests="4" failures="0" timestamp="2019-12-25T16:20:48 IST" time="145.447" errors="0">
  <testcase name="testSuite" time="0.0" classname="com.mercury.tours.BatchExecution_Smoke"/>
  <testcase name="signOn" time="95.039" classname="com.mercury.tours.Dropdown_Example"/>
  <testcase name="signOn" time="8.275" classname="com.mercury.tours.MouseHovering_Example"/>
  <testcase name="signOn" time="8.232" classname="com.mercury.tours.HdfcNet_Banking_HandleWindowAlert"/>
</testsuite> <!-- Test -->
